
================================================================
======== txAdmin v6.0.2 atop fxserver 7290 Starting - 5/14/2025, 2:38:27 AM
================================================================
[02:40:27][DrFiveO] created admins file
[02:41:08][DrFiveO] Changing global settings via setup stepper and started Deployer.
[02:41:16][DrFiveO] Setting recipe.
[02:45:04][DrFiveO] Running recipe.
[02:46:22][DrFiveO] Completed and committed server deploy.
================================================================
======== txAdmin v8.0.1 atop fxserver 15015 Starting - 5/14/2025, 2:50:48 AM
================================================================
[02:55:35][DrFiveO] logged in from 127.0.0.1 via cfxre
[03:00:03][DrFiveO] [DrFiveO] executed "RESTART SERVER"
[04:15:58][DrFiveO] [DrFiveO] executed "RESTART SERVER"
[04:22:44][DrFiveO] [DrFiveO] executed "RESTART SERVER"
[04:46:13][DrFiveO] [DrFiveO] executed "RESTART SERVER"
[04:48:01][DrFiveO] Refreshed resources
[04:51:44][DrFiveO] Refreshed resources
[04:51:46][DrFiveO] Refreshed resources
[04:51:54][DrFiveO] Refreshed resources
[04:52:04][DrFiveO] Refreshed resources
[04:52:05][DrFiveO] Refreshed resources
[04:53:42][DrFiveO] Refreshed resources
[04:53:44][DrFiveO] Ensured resource "lvelup_prisonoutfit"
[05:02:04][DrFiveO] Refreshed resources
[05:02:08][DrFiveO] Ensured resource "ja_doc_eup"
[05:02:43][DrFiveO] Refreshed resources
[05:24:42][DrFiveO] [DrFiveO] executed "RESTART SERVER"
[05:50:45][DrFiveO] [DrFiveO] executed "RESTART SERVER"
[06:11:53][DrFiveO] [DrFiveO] executed "RESTART SERVER"
[06:22:29][DrFiveO] [DrFiveO] executed "RESTART SERVER"
[07:13:39][DrFiveO] [DrFiveO] executed "RESTART SERVER"
[07:23:12][DrFiveO] [DrFiveO] executed "RESTART SERVER"
[07:24:21][DrFiveO] Ensured resource "ox_inventory"
[08:08:56][DrFiveO] [DrFiveO] executed "RESTART SERVER"
[08:10:46][DrFiveO] [DrFiveO] executed "RESTART SERVER"
[08:11:52][DrFiveO] Refreshed resources
[08:11:53][DrFiveO] Refreshed resources
[15:33:47][DrFiveO] [DrFiveO] executed "RESTART SERVER"
[15:39:00][DrFiveO] Refreshed resources
[15:39:02][DrFiveO] Refreshed resources
[15:39:18][DrFiveO] Ensured resource "ox_doorlock"
[15:39:29][DrFiveO] [DrFiveO] executed "RESTART SERVER"
[15:51:08][DrFiveO] [DrFiveO] executed "RESTART SERVER"
[15:54:48][DrFiveO] [DrFiveO] executed "RESTART SERVER"
[15:55:54][DrFiveO] [DrFiveO] executed "RESTART SERVER"
[15:57:13][DrFiveO] [DrFiveO] executed "RESTART SERVER"
