
================================================================
======== FXServer Starting - 5/14/2025, 2:46:22 AM              
================================================================
[           resources] Scanning resources.
[           resources] Found 76 resources.
[          svadhesive] Authenticating server license key...
[          svadhesive] Server license key authentication succeeded. Welcome!
[    c-scripting-core] Creating script environments for sessionmanager
[38;5;83m[           resources] Started resource sessionmanager
[38;5;161m[    c-scripting-core] Creating script environments for monitor
[      script:monitor] [txAdmin] Resource v6.0.2 threads and commands set up. All Ready.
[           resources] Started resource monitor
[                 cmd] No such command sv_enableNetworkedScriptEntityStates.
[    c-scripting-core] Creating script environments for chat
[           resources] Started resource chat
[    c-scripting-core] Creating script environments for hardcap
[           resources] Started resource hardcap
[    c-scripting-core] Creating script environments for oxmysql
[           resources] Started resource oxmysql
[    c-scripting-core] Creating script environments for cron
[           resources] Started resource cron
[38;5;161m[    c-scripting-core] Creating script environments for es_extended
[           resources] Started resource es_extended
[           resources] Started resource esx_chat_theme
[    c-scripting-core] Creating script environments for esx_context
[           resources] Started resource esx_context
[    c-scripting-core] Creating script environments for esx_identity
[           resources] Started resource esx_identity
[    c-scripting-core] Creating script environments for esx_loadingscreen
[           resources] Started resource esx_loadingscreen
[           resources] Started resource esx_menu_default
[           resources] Started resource esx_menu_dialog
[           resources] Started resource esx_menu_list
[           resources] Started resource skinchanger
[    c-scripting-core] Creating script environments for esx_skin
[           resources] Started resource esx_skin
[    c-scripting-core] Creating script environments for esx_multicharacter
[           resources] Started resource esx_multicharacter
[    c-scripting-core] Creating script environments for esx_notify
[           resources] Started resource esx_notify
[38;5;161m[    c-scripting-core] Creating script environments for esx_progressbar
[           resources] Started resource esx_progressbar
[    c-scripting-core] Creating script environments for esx_textui
[           resources] Started resource esx_textui
[           resources] Started resource bob74_ipl
[38;5;161m[    c-scripting-core] Creating script environments for pma-voice
[           resources] Started resource pma-voice
[    c-scripting-core] Creating script environments for esx_datastore
[           resources] Started resource esx_datastore
[    c-scripting-core] Creating script environments for esx_accessories
[           resources] Started resource esx_accessories
[    c-scripting-core] Creating script environments for esx_addonaccount
[           resources] Started resource esx_addonaccount
[    c-scripting-core] Creating script environments for esx_addoninventory
[           resources] Started resource esx_addoninventory
[    c-scripting-core] Creating script environments for esx_vehicleshop
[           resources] Started resource esx_vehicleshop
[    c-scripting-core] Creating script environments for esx_ambulancejob
[           resources] Started resource esx_ambulancejob
[           resources] Started resource esx_animations
[    c-scripting-core] Creating script environments for esx_banking
[           resources] Started resource esx_banking
[    c-scripting-core] Creating script environments for esx_barbershop
[           resources] Started resource esx_barbershop
[    c-scripting-core] [97mCreating script environments for esx_status
[           resources] Started resource esx_status
[    c-scripting-core] Creating script environments for esx_basicneeds
[           resources] Started resource esx_basicneeds
[    c-scripting-core] Creating script environments for esx_billing
[           resources] Started resource esx_billing
[    c-scripting-core] Creating script environments for esx_boat
[           resources] Started resource esx_boat
[    c-scripting-core] Creating script environments for esx_clotheshop
[38;5;83m[           resources] Started resource esx_clotheshop
[           resources] Started resource esx_criusecontrol
[    c-scripting-core] Creating script environments for esx_license
[           resources] Started resource esx_license
[    c-scripting-core] Creating script environments for esx_dmvschool
[           resources] Started resource esx_dmvschool
[    c-scripting-core] Creating script environments for esx_drugs
[           resources] Started resource esx_drugs
[38;5;161m[    c-scripting-core] Creating script environments for esx_garage
[           resources] [97mStarted resource esx_garage
[    c-scripting-core] Creating script environments for esx_hud
[38;5;83m[           resources] Started resource esx_hud
[    c-scripting-core] Creating script environments for esx_joblisting
[           resources] Started resource esx_joblisting
[    c-scripting-core] Creating script environments for esx_jobs
[           resources] Started resource esx_jobs
[    c-scripting-core] Creating script environments for esx_lscustom
[           resources] Started resource esx_lscustom
[    c-scripting-core] Creating script environments for esx_society
[           resources] Started resource esx_society
[    c-scripting-core] Creating script environments for esx_mechanicjob
[           resources] Started resource esx_mechanicjob
[    c-scripting-core] Creating script environments for esx_optionalneeds
[           resources] Started resource esx_optionalneeds
[    c-scripting-core] Creating script environments for esx_policejob
[           resources] Started resource esx_policejob
[    c-scripting-core] Creating script environments for esx_property
[           resources] Started resource esx_property
[    c-scripting-core] Creating script environments for esx_rpchat
[           resources] Started resource esx_rpchat
[    c-scripting-core] Creating script environments for esx_service
[38;5;83m[           resources] Started resource esx_service
[    c-scripting-core] Creating script environments for esx_shops
[           resources] Started resource esx_shops
[    c-scripting-core] Creating script environments for esx_taxijob
[           resources] Started resource esx_taxijob
[    c-scripting-core] Creating script environments for esx_weaponshop
[           resources] Started resource esx_weaponshop
[38;5;220m[  script:es_extended] SCRIPT ERROR: @es_extended/server/main.lua:703: ESX Requires a minimum Artifact version of 10188, Please update your server.
[  script:es_extended] > fn (@es_extended/server/main.lua:703)
[  script:es_extended] SCRIPT ERROR: @es_extended/server/main.lua:703: ESX Requires a minimum Artifact version of 10188, Please update your server.
[  script:es_extended] > fn (@es_extended/server/main.lua:703)
[  script:es_extended] SCRIPT ERROR: @es_extended/server/main.lua:703: ESX Requires a minimum Artifact version of 10188, Please update your server.
[  script:es_extended] > fn (@es_extended/server/main.lua:703)
[  script:es_extended] SCRIPT ERROR: @es_extended/server/main.lua:703: ESX Requires a minimum Artifact version of 10188, Please update your server.
[  script:es_extended] > fn (@es_extended/server/main.lua:703)
[  script:es_extended] SCRIPT ERROR: @es_extended/server/main.lua:703: ESX Requires a minimum Artifact version of 10188, Please update your server.
[  script:es_extended] > fn (@es_extended/server/main.lua:703)
[  script:es_extended] SCRIPT ERROR: @es_extended/server/main.lua:703: ESX Requires a minimum Artifact version of 10188, Please update your server.
[  script:es_extended] > fn (@es_extended/server/main.lua:703)
[  script:es_extended] SCRIPT ERROR: @es_extended/server/main.lua:703: ESX Requires a minimum Artifact version of 10188, Please update your server.
[  script:es_extended] > fn (@es_extended/server/main.lua:703)
[  script:es_extended] SCRIPT ERROR: @es_extended/server/main.lua:703: ESX Requires a minimum Artifact version of 10188, Please update your server.
[  script:es_extended] > fn (@es_extended/server/main.lua:703)
[  script:es_extended] SCRIPT ERROR: @es_extended/server/main.lua:703: ESX Requires a minimum Artifact version of 10188, Please update your server.
[  script:es_extended] > fn (@es_extended/server/main.lua:703)
[  script:es_extended] SCRIPT ERROR: @es_extended/server/main.lua:703: ESX Requires a minimum Artifact version of 10188, Please update your server.
[  script:es_extended] > fn (@es_extended/server/main.lua:703)
[  script:es_extended] SCRIPT ERROR: @es_extended/server/main.lua:703: ESX Requires a minimum Artifact version of 10188, Please update your server.
[  script:es_extended] > fn (@es_extended/server/main.lua:703)
[  script:es_extended] SCRIPT ERROR: @es_extended/server/main.lua:703: ESX Requires a minimum Artifact version of 10188, Please update your server.
[  script:es_extended] > fn (@es_extended/server/main.lua:703)
[  script:es_extended] SCRIPT ERROR: @es_extended/server/main.lua:703: ESX Requires a minimum Artifact version of 10188, Please update your server.
[  script:es_extended] > fn (@es_extended/server/main.lua:703)
[  script:es_extended] SCRIPT ERROR: @es_extended/server/main.lua:703: ESX Requires a minimum Artifact version of 10188, Please update your server.
[  script:es_extended] > fn (@es_extended/server/main.lua:703)
[  script:es_extended] SCRIPT ERROR: @es_extended/server/main.lua:703: ESX Requires a minimum Artifact version of 10188, Please update your server.
[  script:es_extended] > fn (@es_extended/server/main.lua:703)
[  script:es_extended] SCRIPT ERROR: @es_extended/server/main.lua:703: ESX Requires a minimum Artifact version of 10188, Please update your server.
[  script:es_extended] > fn (@es_extended/server/main.lua:703)
[  script:es_extended] SCRIPT ERROR: @es_extended/server/main.lua:703: ESX Requires a minimum Artifact version of 10188, Please update your server.
[  script:es_extended] > fn (@es_extended/server/main.lua:703)
[  script:es_extended] SCRIPT ERROR: @es_extended/server/main.lua:703: ESX Requires a minimum Artifact version of 10188, Please update your server.
[  script:es_extended] > fn (@es_extended/server/main.lua:703)
[  script:es_extended] SCRIPT ERROR: @es_extended/server/main.lua:703: ESX Requires a minimum Artifact version of 10188, Please update your server.
[  script:es_extended] > fn (@es_extended/server/main.lua:703)
[  script:es_extended] SCRIPT ERROR: @es_extended/server/main.lua:703: ESX Requires a minimum Artifact version of 10188, Please update your server.
[  script:es_extended] > fn (@es_extended/server/main.lua:703)
[  script:es_extended] SCRIPT ERROR: @es_extended/server/main.lua:703: ESX Requires a minimum Artifact version of 10188, Please update your server.
[  script:es_extended] > fn (@es_extended/server/main.lua:703)
[  script:es_extended] SCRIPT ERROR: @es_extended/server/main.lua:703: ESX Requires a minimum Artifact version of 10188, Please update your server.
[  script:es_extended] > fn (@es_extended/server/main.lua:703)
[  script:es_extended] SCRIPT ERROR: @es_extended/server/main.lua:703: ESX Requires a minimum Artifact version of 10188, Please update your server.
[  script:es_extended] > fn (@es_extended/server/main.lua:703)
[  script:es_extended] SCRIPT ERROR: @es_extended/server/main.lua:703: ESX Requires a minimum Artifact version of 10188, Please update your server.
[  script:es_extended] > fn (@es_extended/server/main.lua:703)
[  script:es_extended] SCRIPT ERROR: @es_extended/server/main.lua:703: ESX Requires a minimum Artifact version of 10188, Please update your server.
[  script:es_extended] > fn (@es_extended/server/main.lua:703)
[  script:es_extended] SCRIPT ERROR: @es_extended/server/main.lua:703: ESX Requires a minimum Artifact version of 10188, Please update your server.
[  script:es_extended] > fn (@es_extended/server/main.lua:703)
[  script:es_extended] SCRIPT ERROR: @es_extended/server/main.lua:703: ESX Requires a minimum Artifact version of 10188, Please update your server.
[  script:es_extended] > fn (@es_extended/server/main.lua:703)
[  script:es_extended] SCRIPT ERROR: @es_extended/server/main.lua:703: ESX Requires a minimum Artifact version of 10188, Please update your server.
[  script:es_extended] > fn (@es_extended/server/main.lua:703)
[  script:es_extended] SCRIPT ERROR: @es_extended/server/main.lua:703: ESX Requires a minimum Artifact version of 10188, Please update your server.
[  script:es_extended] > fn (@es_extended/server/main.lua:703)
[  script:es_extended] SCRIPT ERROR: @es_extended/server/main.lua:703: ESX Requires a minimum Artifact version of 10188, Please update your server.
[  script:es_extended] > fn (@es_extended/server/main.lua:703)
[  script:es_extended] SCRIPT ERROR: @es_extended/server/main.lua:703: ESX Requires a minimum Artifact version of 10188, Please update your server.
[  script:es_extended] > fn (@es_extended/server/main.lua:703)
[  script:es_extended] SCRIPT ERROR: @es_extended/server/main.lua:703: ESX Requires a minimum Artifact version of 10188, Please update your server.
[  script:es_extended] > fn (@es_extended/server/main.lua:703)
[  script:es_extended] SCRIPT ERROR: @es_extended/server/main.lua:703: ESX Requires a minimum Artifact version of 10188, Please update your server.
[  script:es_extended] > fn (@es_extended/server/main.lua:703)
[  script:es_extended] SCRIPT ERROR: @es_extended/server/main.lua:703: ESX Requires a minimum Artifact version of 10188, Please update your server.
[  script:es_extended] > fn (@es_extended/server/main.lua:703)
[  script:es_extended] SCRIPT ERROR: @es_extended/server/main.lua:703: ESX Requires a minimum Artifact version of 10188, Please update your server.
[  script:es_extended] > fn (@es_extended/server/main.lua:703)
[  script:es_extended] SCRIPT ERROR: @es_extended/server/main.lua:703: ESX Requires a minimum Artifact version of 10188, Please update your server.
[  script:es_extended] > fn (@es_extended/server/main.lua:703)
[  script:es_extended] SCRIPT ERROR: @es_extended/server/main.lua:703: ESX Requires a minimum Artifact version of 10188, Please update your server.
[  script:es_extended] > fn (@es_extended/server/main.lua:703)
[  script:es_extended] SCRIPT ERROR: @es_extended/server/main.lua:703: ESX Requires a minimum Artifact version of 10188, Please update your server.
[  script:es_extended] > fn (@es_extended/server/main.lua:703)
[  script:es_extended] SCRIPT ERROR: @es_extended/server/main.lua:703: ESX Requires a minimum Artifact version of 10188, Please update your server.
[  script:es_extended] > fn (@es_extended/server/main.lua:703)
[  script:es_extended] SCRIPT ERROR: @es_extended/server/main.lua:703: ESX Requires a minimum Artifact version of 10188, Please update your server.
[  script:es_extended] > fn (@es_extended/server/main.lua:703)
[  script:es_extended] SCRIPT ERROR: @es_extended/server/main.lua:703: ESX Requires a minimum Artifact version of 10188, Please update your server.
[  script:es_extended] > fn (@es_extended/server/main.lua:703)
[  script:es_extended] SCRIPT ERROR: @es_extended/server/main.lua:703: ESX Requires a minimum Artifact version of 10188, Please update your server.
[  script:es_extended] > fn (@es_extended/server/main.lua:703)
[  script:es_extended] SCRIPT ERROR: @es_extended/server/main.lua:703: ESX Requires a minimum Artifact version of 10188, Please update your server.
[  script:es_extended] > fn (@es_extended/server/main.lua:703)
[  script:es_extended] SCRIPT ERROR: @es_extended/server/main.lua:703: ESX Requires a minimum Artifact version of 10188, Please update your server.
[  script:es_extended] > fn (@es_extended/server/main.lua:703)
[  script:es_extended] SCRIPT ERROR: @es_extended/server/main.lua:703: ESX Requires a minimum Artifact version of 10188, Please update your server.
[  script:es_extended] > fn (@es_extended/server/main.lua:703)
[  script:es_extended] SCRIPT ERROR: @es_extended/server/main.lua:703: ESX Requires a minimum Artifact version of 10188, Please update your server.
[  script:es_extended] > fn (@es_extended/server/main.lua:703)
[  script:es_extended] SCRIPT ERROR: @es_extended/server/main.lua:703: ESX Requires a minimum Artifact version of 10188, Please update your server.
[  script:es_extended] > fn (@es_extended/server/main.lua:703)
[  script:es_extended] SCRIPT ERROR: @es_extended/server/main.lua:703: ESX Requires a minimum Artifact version of 10188, Please update your server.
[  script:es_extended] > fn (@es_extended/server/main.lua:703)
[  script:es_extended] SCRIPT ERROR: @es_extended/server/main.lua:703: ESX Requires a minimum Artifact version of 10188, Please update your server.
[  script:es_extended] > fn (@es_extended/server/main.lua:703)
[      script:oxmysql] [11.4.5-MariaDB] Database server connection established!
[38;5;220m[  script:es_extended] [INFO] ESX Legacy 1.12.4 initialized!
[      script:esx_hud] [INFO] esx_hud: You are using the latest version!
[38;5;73m[ citizen-server-impl]         fff                          
[ citizen-server-impl]   cccc ff   xx  xx     rr rr    eee  
[ citizen-server-impl] cc     ffff   xx       rrr  r ee   e 
[ citizen-server-impl] cc     ff     xx   ... rr     eeeee  
[ citizen-server-impl]  ccccc ff   xx  xx ... rr      eeeee 
[ citizen-server-impl]                                      
[ citizen-server-impl] Authenticated with cfx.re Nucleus: https://drfiveo-6o6ya6.users.cfx.re/
[      script:oxmysql] [11.4.5-MariaDB] esx_hud took 589.9524ms to execute a query!
[      script:oxmysql] ALTER TABLE owned_vehicles ADD COLUMN `mileage` FLOAT(10) DEFAULT 0;  []
[38;5;42m[      script:oxmysql] [11.4.5-MariaDB] esx_multicharacter took 618.1721ms to execute a query!
[      script:oxmysql] ALTER TABLE `rented_vehicles` MODIFY COLUMN `owner` VARCHAR(46) []
[script:esx_multichar] [INFO] Updated 1 columns to use VARCHAR(46)
[38;5;63m[ script:esx_property] [INFO] Added Property into datastore_data table
[38;5;186m[ citizen-server-main] [0m[0m-> Quitting: SIGHUP received
║             TXADMIN║ ================================================================
║             TXADMIN║ ======== [9100] FXServer Starting - 5/14/2025, 2:50:49 AM       
║             TXADMIN║ ================================================================
[           resources] Scanning resources.
[           resources] Found 76 resources.
[          svadhesive] Authenticating server license key...
[          svadhesive] Server license key authentication succeeded. Welcome!
[    c-scripting-core] Creating script environments for monitor
[      script:monitor] [txAdmin] Resource v8.0.1 threads and commands set up. All Ready.
[           resources] Started resource monitor
[    c-scripting-core] Creating script environments for chat
[           resources] Started resource chat
[    c-scripting-core] Creating script environments for hardcap
[           resources] Started resource hardcap
[    c-scripting-core] Creating script environments for oxmysql
[           resources] Started resource oxmysql
[    c-scripting-core] Creating script environments for cron
[           resources] Started resource cron
[    c-scripting-core] Creating script environments for es_extended
[           resources] Started resource es_extended
[           resources] Started resource esx_chat_theme
[    c-scripting-core] Creating script environments for esx_context
[           resources] Started resource esx_context
[    c-scripting-core] Creating script environments for esx_identity
[           resources] Started resource esx_identity
[    c-scripting-core] Creating script environments for esx_loadingscreen
[           resources] Started resource esx_loadingscreen
[           resources] Started resource esx_menu_default
[           resources] Started resource esx_menu_dialog
[           resources] Started resource esx_menu_list
[           resources] Started resource skinchanger
[    c-scripting-core] Creating script environments for esx_skin
[           resources] Started resource esx_skin
[    c-scripting-core] Creating script environments for esx_multicharacter
[           resources] Started resource esx_multicharacter
[    c-scripting-core] Creating script environments for esx_notify
[           resources] Started resource esx_notify
[    c-scripting-core] Creating script environments for esx_progressbar
[           resources] Started resource esx_progressbar
[    c-scripting-core] Creating script environments for esx_textui
[           resources] Started resource esx_textui
[           resources] Started resource bob74_ipl
[    c-scripting-core] Creating script environments for pma-voice
[           resources] Started resource pma-voice
[    c-scripting-core] Creating script environments for esx_datastore
[           resources] Started resource esx_datastore
[    c-scripting-core] Creating script environments for esx_accessories
[           resources] Started resource esx_accessories
[    c-scripting-core] Creating script environments for esx_addonaccount
[           resources] Started resource esx_addonaccount
[    c-scripting-core] Creating script environments for esx_addoninventory
[           resources] Started resource esx_addoninventory
[    c-scripting-core] Creating script environments for esx_vehicleshop
[           resources] Started resource esx_vehicleshop
[    c-scripting-core] Creating script environments for esx_ambulancejob
[           resources] Started resource esx_ambulancejob
[           resources] Started resource esx_animations
[    c-scripting-core] Creating script environments for esx_banking
[           resources] Started resource esx_banking
[    c-scripting-core] Creating script environments for esx_barbershop
[           resources] Started resource esx_barbershop
[    c-scripting-core] Creating script environments for esx_status
[           resources] Started resource esx_status
[    c-scripting-core] Creating script environments for esx_basicneeds
[           resources] Started resource esx_basicneeds
[    c-scripting-core] Creating script environments for esx_billing
[           resources] Started resource esx_billing
[    c-scripting-core] Creating script environments for esx_boat
[           resources] Started resource esx_boat
[    c-scripting-core] Creating script environments for esx_clotheshop
[           resources] Started resource esx_clotheshop
[           resources] Started resource esx_criusecontrol
[    c-scripting-core] Creating script environments for esx_license
[           resources] Started resource esx_license
[    c-scripting-core] Creating script environments for esx_dmvschool
[           resources] Started resource esx_dmvschool
[    c-scripting-core] Creating script environments for esx_drugs
[           resources] Started resource esx_drugs
[    c-scripting-core] Creating script environments for esx_garage
[           resources] Started resource esx_garage
[    c-scripting-core] Creating script environments for esx_hud
[           resources] Started resource esx_hud
[    c-scripting-core] Creating script environments for esx_joblisting
[           resources] Started resource esx_joblisting
[    c-scripting-core] Creating script environments for esx_jobs
[           resources] Started resource esx_jobs
[    c-scripting-core] Creating script environments for esx_lscustom
[           resources] Started resource esx_lscustom
[    c-scripting-core] Creating script environments for esx_society
[           resources] Started resource esx_society
[    c-scripting-core] Creating script environments for esx_mechanicjob
[           resources] Started resource esx_mechanicjob
[    c-scripting-core] Creating script environments for esx_optionalneeds
[           resources] Started resource esx_optionalneeds
[    c-scripting-core] Creating script environments for esx_policejob
[           resources] Started resource esx_policejob
[    c-scripting-core] Creating script environments for esx_property
[           resources] Started resource esx_property
[    c-scripting-core] Creating script environments for esx_rpchat
[           resources] Started resource esx_rpchat
[    c-scripting-core] Creating script environments for esx_service
[           resources] Started resource esx_service
[    c-scripting-core] Creating script environments for esx_shops
[           resources] Started resource esx_shops
[    c-scripting-core] Creating script environments for esx_taxijob
[           resources] Started resource esx_taxijob
[    c-scripting-core] Creating script environments for esx_weaponshop
[           resources] Started resource esx_weaponshop
[ citizen-server-main] Warning: The players.json endpoint has been modified to no longer return the player identifiers without authentication.
[ citizen-server-main] To learn more about this change read our announcement at https://aka.cfx.re/players-json-privacy
[      script:oxmysql] [11.4.5-MariaDB] Database server connection established!
[  script:es_extended] [INFO] ESX Legacy 1.12.4 initialized!
[      script:esx_hud] [INFO] esx_hud: You are using the latest version!
[ citizen-server-impl]         fff                          
[ citizen-server-impl]   cccc ff   xx  xx     rr rr    eee  
[ citizen-server-impl] cc     ffff   xx       rrr  r ee   e 
[ citizen-server-impl] cc     ff     xx   ... rr     eeeee  
[ citizen-server-impl]  ccccc ff   xx  xx ... rr      eeeee 
[ citizen-server-impl]                                      
[ citizen-server-impl] Authenticated with cfx.re Nucleus: https://drfiveo-6o6ya6.users.cfx.re/
[ script:esx_property] [INFO] Added Property into datastore_data table
║             TXADMIN║ txaEvent "serverShuttingDown" "{\"delay\":5000,\"author\":\"DrFiveO\",\"message\":\"Server restarting (admin request).\"}"
[      script:monitor] [txAdmin] Server shutting down. Kicking all players.

║             TXADMIN║ ================================================================
║             TXADMIN║ ======== [8516] FXServer Starting - 5/14/2025, 3:00:09 AM       
║             TXADMIN║ ================================================================
[           resources] Scanning resources.
[           resources] Found 76 resources.
[          svadhesive] Authenticating server license key...
[          svadhesive] Server license key authentication succeeded. Welcome!
[    c-scripting-core] Creating script environments for monitor
[      script:monitor] [txAdmin] Resource v8.0.1 threads and commands set up. All Ready.
[           resources] Started resource monitor
[    c-scripting-core] Creating script environments for chat
[           resources] Started resource chat
[    c-scripting-core] Creating script environments for hardcap
[           resources] Started resource hardcap
[    c-scripting-core] Creating script environments for oxmysql
[           resources] Started resource oxmysql
[    c-scripting-core] Creating script environments for cron
[           resources] Started resource cron
[    c-scripting-core] Creating script environments for es_extended
[           resources] Started resource es_extended
[           resources] Started resource esx_chat_theme
[    c-scripting-core] Creating script environments for esx_context
[           resources] Started resource esx_context
[    c-scripting-core] Creating script environments for esx_identity
[           resources] Started resource esx_identity
[    c-scripting-core] Creating script environments for esx_loadingscreen
[           resources] Started resource esx_loadingscreen
[           resources] Started resource esx_menu_default
[           resources] Started resource esx_menu_dialog
[           resources] Started resource esx_menu_list
[           resources] Started resource skinchanger
[    c-scripting-core] Creating script environments for esx_skin
[           resources] Started resource esx_skin
[    c-scripting-core] Creating script environments for esx_multicharacter
[           resources] Started resource esx_multicharacter
[    c-scripting-core] Creating script environments for esx_notify
[           resources] Started resource esx_notify
[    c-scripting-core] Creating script environments for esx_progressbar
[           resources] Started resource esx_progressbar
[    c-scripting-core] Creating script environments for esx_textui
[           resources] Started resource esx_textui
[           resources] Started resource bob74_ipl
[    c-scripting-core] Creating script environments for pma-voice
[           resources] Started resource pma-voice
[    c-scripting-core] Creating script environments for esx_datastore
[           resources] Started resource esx_datastore
[    c-scripting-core] Creating script environments for esx_accessories
[           resources] Started resource esx_accessories
[    c-scripting-core] Creating script environments for esx_addonaccount
[           resources] Started resource esx_addonaccount
[    c-scripting-core] Creating script environments for esx_addoninventory
[           resources] Started resource esx_addoninventory
[    c-scripting-core] Creating script environments for esx_vehicleshop
[           resources] Started resource esx_vehicleshop
[    c-scripting-core] Creating script environments for esx_ambulancejob
[           resources] Started resource esx_ambulancejob
[           resources] Started resource esx_animations
[    c-scripting-core] Creating script environments for esx_banking
[           resources] Started resource esx_banking
[    c-scripting-core] Creating script environments for esx_barbershop
[           resources] Started resource esx_barbershop
[    c-scripting-core] Creating script environments for esx_status
[           resources] Started resource esx_status
[    c-scripting-core] Creating script environments for esx_basicneeds
[           resources] Started resource esx_basicneeds
[    c-scripting-core] Creating script environments for esx_billing
[           resources] Started resource esx_billing
[    c-scripting-core] Creating script environments for esx_boat
[           resources] Started resource esx_boat
[    c-scripting-core] Creating script environments for esx_clotheshop
[           resources] Started resource esx_clotheshop
[           resources] Started resource esx_criusecontrol
[    c-scripting-core] Creating script environments for esx_license
[           resources] Started resource esx_license
[    c-scripting-core] Creating script environments for esx_dmvschool
[           resources] Started resource esx_dmvschool
[    c-scripting-core] Creating script environments for esx_drugs
[           resources] Started resource esx_drugs
[    c-scripting-core] Creating script environments for esx_garage
[           resources] Started resource esx_garage
[    c-scripting-core] Creating script environments for esx_hud
[           resources] Started resource esx_hud
[    c-scripting-core] Creating script environments for esx_joblisting
[           resources] Started resource esx_joblisting
[    c-scripting-core] Creating script environments for esx_jobs
[           resources] Started resource esx_jobs
[    c-scripting-core] Creating script environments for esx_lscustom
[           resources] Started resource esx_lscustom
[    c-scripting-core] Creating script environments for esx_society
[           resources] Started resource esx_society
[    c-scripting-core] Creating script environments for esx_mechanicjob
[           resources] Started resource esx_mechanicjob
[    c-scripting-core] Creating script environments for esx_optionalneeds
[           resources] Started resource esx_optionalneeds
[    c-scripting-core] Creating script environments for esx_policejob
[           resources] Started resource esx_policejob
[    c-scripting-core] Creating script environments for esx_property
[           resources] Started resource esx_property
[    c-scripting-core] Creating script environments for esx_rpchat
[           resources] Started resource esx_rpchat
[    c-scripting-core] Creating script environments for esx_service
[           resources] Started resource esx_service
[    c-scripting-core] Creating script environments for esx_shops
[           resources] Started resource esx_shops
[    c-scripting-core] Creating script environments for esx_taxijob
[           resources] Started resource esx_taxijob
[    c-scripting-core] Creating script environments for esx_weaponshop
[           resources] Started resource esx_weaponshop
[ citizen-server-main] Warning: The players.json endpoint has been modified to no longer return the player identifiers without authentication.
[ citizen-server-main] To learn more about this change read our announcement at https://aka.cfx.re/players-json-privacy
[      script:oxmysql] [11.4.5-MariaDB] Database server connection established!
[  script:es_extended] [INFO] ESX Legacy 1.12.4 initialized!
[      script:esx_hud] [INFO] esx_hud: You are using the latest version!
[ citizen-server-impl]         fff                          
[ citizen-server-impl]   cccc ff   xx  xx     rr rr    eee  
[ citizen-server-impl] cc     ffff   xx       rrr  r ee   e 
[ citizen-server-impl] cc     ff     xx   ... rr     eeeee  
[ citizen-server-impl]  ccccc ff   xx  xx ... rr      eeeee 
[ citizen-server-impl]                                      
[ citizen-server-impl] Authenticated with cfx.re Nucleus: https://drfiveo-6o6ya6.users.cfx.re/
[ citizen-server-impl] -- [server notice: portal_release]
[ citizen-server-impl] PATREON SUPPORT ENDING SOON: For existing Patreon subscribers, please migrate to our new subscription platform in https://portal.cfx.re by December 1st 2025 to avoid any service interruptions. Read more: https://aka.cfx.re/patreon-to-portal-migration/ 
[ script:esx_property] [INFO] Added Property into datastore_data table
║             TXADMIN║ txaReportResources 
[      script:monitor] [txAdmin] Sending resources list to txAdmin.
[      script:hardcap] Connecting: Rex
[  script:es_extended] [INFO] Player 1 Has been granted admin permissions via Ace Perms.
[  script:es_extended] [INFO] Player "Rex Davis" has connected to the server. ID: 1
[  script:es_extended] [INFO] Saved player "Rex Davis"
[ citizen-server-impl] sync thread hitch warning: timer interval of 111 milliseconds
[ citizen-server-impl] server thread hitch warning: timer interval of 162 milliseconds
[ citizen-server-impl] sync thread hitch warning: timer interval of 109 milliseconds
[ citizen-server-impl] sync thread hitch warning: timer interval of 117 milliseconds
[ citizen-server-impl] server thread hitch warning: timer interval of 158 milliseconds
[ citizen-server-impl] sync thread hitch warning: timer interval of 134 milliseconds
[ citizen-server-impl] server thread hitch warning: timer interval of 160 milliseconds
[ citizen-server-impl] sync thread hitch warning: timer interval of 118 milliseconds
[ citizen-server-impl] server thread hitch warning: timer interval of 168 milliseconds
[ citizen-server-impl] sync thread hitch warning: timer interval of 187 milliseconds
[ citizen-server-impl] server thread hitch warning: timer interval of 289 milliseconds
[ citizen-server-impl] sync thread hitch warning: timer interval of 101 milliseconds
[ citizen-server-impl] sync thread hitch warning: timer interval of 102 milliseconds
[ citizen-server-impl] server thread hitch warning: timer interval of 166 milliseconds
[ citizen-server-impl] sync thread hitch warning: timer interval of 111 milliseconds
[ citizen-server-impl] sync thread hitch warning: timer interval of 151 milliseconds
[ citizen-server-impl] sync thread hitch warning: timer interval of 168 milliseconds
[ citizen-server-impl] network thread hitch warning: timer interval of 167 milliseconds
[ citizen-server-impl] server thread hitch warning: timer interval of 167 milliseconds
[ citizen-server-impl] sync thread hitch warning: timer interval of 127 milliseconds
[ citizen-server-impl] server thread hitch warning: timer interval of 164 milliseconds
[ citizen-server-impl] sync thread hitch warning: timer interval of 110 milliseconds
[ citizen-server-impl] server thread hitch warning: timer interval of 166 milliseconds
[ citizen-server-impl] sync thread hitch warning: timer interval of 157 milliseconds
[ citizen-server-impl] network thread hitch warning: timer interval of 151 milliseconds
[ citizen-server-impl] server thread hitch warning: timer interval of 163 milliseconds
[ citizen-server-impl] sync thread hitch warning: timer interval of 102 milliseconds
[ citizen-server-impl] sync thread hitch warning: timer interval of 115 milliseconds
[ citizen-server-impl] sync thread hitch warning: timer interval of 105 milliseconds
[ citizen-server-impl] server thread hitch warning: timer interval of 152 milliseconds
[ citizen-server-impl] sync thread hitch warning: timer interval of 110 milliseconds
[ citizen-server-impl] sync thread hitch warning: timer interval of 133 milliseconds
[ citizen-server-impl] sync thread hitch warning: timer interval of 118 milliseconds
[ citizen-server-impl] server thread hitch warning: timer interval of 170 milliseconds
[ citizen-server-impl] sync thread hitch warning: timer interval of 130 milliseconds
[ citizen-server-impl] sync thread hitch warning: timer interval of 109 milliseconds
[ citizen-server-impl] sync thread hitch warning: timer interval of 101 milliseconds
[ citizen-server-impl] sync thread hitch warning: timer interval of 101 milliseconds
[ citizen-server-impl] server thread hitch warning: timer interval of 183 milliseconds
[ citizen-server-impl] sync thread hitch warning: timer interval of 114 milliseconds
[ citizen-server-impl] network thread hitch warning: timer interval of 153 milliseconds
[ citizen-server-impl] sync thread hitch warning: timer interval of 152 milliseconds
[ citizen-server-impl] server thread hitch warning: timer interval of 191 milliseconds
[ citizen-server-impl] server thread hitch warning: timer interval of 252 milliseconds
[ citizen-server-impl] network thread hitch warning: timer interval of 157 milliseconds
[ citizen-server-impl] network thread hitch warning: timer interval of 212 milliseconds
[ citizen-server-impl] server thread hitch warning: timer interval of 228 milliseconds
[ citizen-server-impl] server thread hitch warning: timer interval of 201 milliseconds
[ citizen-server-impl] server thread hitch warning: timer interval of 162 milliseconds
[ citizen-server-impl] server thread hitch warning: timer interval of 232 milliseconds
[ citizen-server-impl] network thread hitch warning: timer interval of 213 milliseconds
[ citizen-server-impl] server thread hitch warning: timer interval of 185 milliseconds
[ citizen-server-impl] server thread hitch warning: timer interval of 154 milliseconds
[ citizen-server-impl] server thread hitch warning: timer interval of 180 milliseconds
[ citizen-server-impl] network thread hitch warning: timer interval of 180 milliseconds
[ citizen-server-impl] server thread hitch warning: timer interval of 192 milliseconds
[ citizen-server-impl] server thread hitch warning: timer interval of 152 milliseconds
[ citizen-server-impl] sync thread hitch warning: timer interval of 104 milliseconds
[ citizen-server-impl] sync thread hitch warning: timer interval of 112 milliseconds
[ citizen-server-impl] server thread hitch warning: timer interval of 187 milliseconds
[ citizen-server-impl] server thread hitch warning: timer interval of 164 milliseconds
[ citizen-server-impl] sync thread hitch warning: timer interval of 111 milliseconds
[ citizen-server-impl] sync thread hitch warning: timer interval of 119 milliseconds
[ citizen-server-impl] sync thread hitch warning: timer interval of 109 milliseconds
[ citizen-server-impl] sync thread hitch warning: timer interval of 137 milliseconds
[ citizen-server-impl] server thread hitch warning: timer interval of 167 milliseconds
[ citizen-server-impl] sync thread hitch warning: timer interval of 151 milliseconds
[ citizen-server-impl] network thread hitch warning: timer interval of 151 milliseconds
[ citizen-server-impl] server thread hitch warning: timer interval of 153 milliseconds
[ citizen-server-impl] sync thread hitch warning: timer interval of 102 milliseconds
[ citizen-server-impl] sync thread hitch warning: timer interval of 123 milliseconds
[ citizen-server-impl] network thread hitch warning: timer interval of 191 milliseconds
[ citizen-server-impl] server thread hitch warning: timer interval of 413 milliseconds
[ citizen-server-impl] sync thread hitch warning: timer interval of 342 milliseconds
[ citizen-server-impl] network thread hitch warning: timer interval of 285 milliseconds
[ citizen-server-impl] sync thread hitch warning: timer interval of 103 milliseconds
[ citizen-server-impl] sync thread hitch warning: timer interval of 106 milliseconds
[ citizen-server-impl] sync thread hitch warning: timer interval of 109 milliseconds
[ citizen-server-impl] sync thread hitch warning: timer interval of 129 milliseconds
[ citizen-server-impl] server thread hitch warning: timer interval of 170 milliseconds
[ citizen-server-impl] server thread hitch warning: timer interval of 158 milliseconds
[ citizen-server-impl] sync thread hitch warning: timer interval of 139 milliseconds
[ citizen-server-impl] server thread hitch warning: timer interval of 161 milliseconds
[ citizen-server-impl] sync thread hitch warning: timer interval of 134 milliseconds
[ citizen-server-impl] sync thread hitch warning: timer interval of 149 milliseconds
[ citizen-server-impl] server thread hitch warning: timer interval of 208 milliseconds
[ citizen-server-impl] sync thread hitch warning: timer interval of 101 milliseconds
[ citizen-server-impl] sync thread hitch warning: timer interval of 103 milliseconds
[ citizen-server-impl] sync thread hitch warning: timer interval of 181 milliseconds
[ citizen-server-impl] network thread hitch warning: timer interval of 181 milliseconds
[ citizen-server-impl] server thread hitch warning: timer interval of 185 milliseconds
[ citizen-server-impl] sync thread hitch warning: timer interval of 102 milliseconds
[ citizen-server-impl] server thread hitch warning: timer interval of 153 milliseconds
[ citizen-server-impl] sync thread hitch warning: timer interval of 106 milliseconds
[ citizen-server-impl] sync thread hitch warning: timer interval of 117 milliseconds
[ citizen-server-impl] server thread hitch warning: timer interval of 176 milliseconds
[ citizen-server-impl] sync thread hitch warning: timer interval of 108 milliseconds
[ citizen-server-impl] sync thread hitch warning: timer interval of 121 milliseconds
[ citizen-server-impl] server thread hitch warning: timer interval of 163 milliseconds
[ citizen-server-impl] server thread hitch warning: timer interval of 165 milliseconds
[ citizen-server-impl] sync thread hitch warning: timer interval of 134 milliseconds
[ citizen-server-impl] sync thread hitch warning: timer interval of 109 milliseconds
[ citizen-server-impl] server thread hitch warning: timer interval of 166 milliseconds
[ citizen-server-impl] sync thread hitch warning: timer interval of 117 milliseconds
[ citizen-server-impl] server thread hitch warning: timer interval of 157 milliseconds
[ citizen-server-impl] sync thread hitch warning: timer interval of 107 milliseconds
[ citizen-server-impl] sync thread hitch warning: timer interval of 131 milliseconds
[ citizen-server-impl] server thread hitch warning: timer interval of 152 milliseconds
[ citizen-server-impl] sync thread hitch warning: timer interval of 118 milliseconds
[ citizen-server-impl] server thread hitch warning: timer interval of 153 milliseconds
[ citizen-server-impl] sync thread hitch warning: timer interval of 111 milliseconds
[ citizen-server-impl] network thread hitch warning: timer interval of 172 milliseconds
[ citizen-server-impl] sync thread hitch warning: timer interval of 166 milliseconds
[ citizen-server-impl] server thread hitch warning: timer interval of 202 milliseconds
[ citizen-server-impl] sync thread hitch warning: timer interval of 131 milliseconds
[ citizen-server-impl] server thread hitch warning: timer interval of 168 milliseconds
[ citizen-server-impl] sync thread hitch warning: timer interval of 143 milliseconds
[ citizen-server-impl] sync thread hitch warning: timer interval of 145 milliseconds
[ citizen-server-impl] server thread hitch warning: timer interval of 176 milliseconds
[ citizen-server-impl] sync thread hitch warning: timer interval of 104 milliseconds
[ citizen-server-impl] network thread hitch warning: timer interval of 210 milliseconds
[ citizen-server-impl] sync thread hitch warning: timer interval of 218 milliseconds
[ citizen-server-impl] server thread hitch warning: timer interval of 234 milliseconds
[ citizen-server-impl] sync thread hitch warning: timer interval of 105 milliseconds
[ citizen-server-impl] sync thread hitch warning: timer interval of 102 milliseconds
[ citizen-server-impl] network thread hitch warning: timer interval of 168 milliseconds
[ citizen-server-impl] server thread hitch warning: timer interval of 209 milliseconds
[ citizen-server-impl] sync thread hitch warning: timer interval of 164 milliseconds
[ citizen-server-impl] network thread hitch warning: timer interval of 180 milliseconds
[ citizen-server-impl] sync thread hitch warning: timer interval of 176 milliseconds
[ citizen-server-impl] server thread hitch warning: timer interval of 198 milliseconds
[ citizen-server-impl] network thread hitch warning: timer interval of 159 milliseconds
[ citizen-server-impl] sync thread hitch warning: timer interval of 158 milliseconds
[ citizen-server-impl] server thread hitch warning: timer interval of 181 milliseconds
[ citizen-server-impl] server thread hitch warning: timer interval of 178 milliseconds
[ citizen-server-impl] sync thread hitch warning: timer interval of 135 milliseconds
[ citizen-server-impl] server thread hitch warning: timer interval of 169 milliseconds
[ citizen-server-impl] sync thread hitch warning: timer interval of 121 milliseconds
[ citizen-server-impl] server thread hitch warning: timer interval of 220 milliseconds
[ citizen-server-impl] sync thread hitch warning: timer interval of 175 milliseconds
[ citizen-server-impl] sync thread hitch warning: timer interval of 134 milliseconds
[ citizen-server-impl] server thread hitch warning: timer interval of 156 milliseconds
[ citizen-server-impl] sync thread hitch warning: timer interval of 104 milliseconds
[ citizen-server-impl] sync thread hitch warning: timer interval of 128 milliseconds
[ citizen-server-impl] server thread hitch warning: timer interval of 156 milliseconds
[ citizen-server-impl] sync thread hitch warning: timer interval of 122 milliseconds
[ citizen-server-impl] sync thread hitch warning: timer interval of 108 milliseconds
[ citizen-server-impl] sync thread hitch warning: timer interval of 171 milliseconds
[ citizen-server-impl] network thread hitch warning: timer interval of 171 milliseconds
[ citizen-server-impl] server thread hitch warning: timer interval of 196 milliseconds
[ citizen-server-impl] network thread hitch warning: timer interval of 173 milliseconds
[ citizen-server-impl] sync thread hitch warning: timer interval of 170 milliseconds
[ citizen-server-impl] server thread hitch warning: timer interval of 204 milliseconds
[ citizen-server-impl] sync thread hitch warning: timer interval of 124 milliseconds
[ citizen-server-impl] sync thread hitch warning: timer interval of 124 milliseconds
[ citizen-server-impl] server thread hitch warning: timer interval of 164 milliseconds
[ citizen-server-impl] network thread hitch warning: timer interval of 166 milliseconds
[ citizen-server-impl] sync thread hitch warning: timer interval of 166 milliseconds
[ citizen-server-impl] server thread hitch warning: timer interval of 193 milliseconds
[ citizen-server-impl] sync thread hitch warning: timer interval of 124 milliseconds
[ citizen-server-impl] network thread hitch warning: timer interval of 154 milliseconds
[ citizen-server-impl] server thread hitch warning: timer interval of 177 milliseconds
[ citizen-server-impl] sync thread hitch warning: timer interval of 136 milliseconds
[ citizen-server-impl] server thread hitch warning: timer interval of 164 milliseconds
[ citizen-server-impl] sync thread hitch warning: timer interval of 173 milliseconds
[ citizen-server-impl] network thread hitch warning: timer interval of 175 milliseconds
[ citizen-server-impl] server thread hitch warning: timer interval of 204 milliseconds
[ citizen-server-impl] network thread hitch warning: timer interval of 226 milliseconds
[ citizen-server-impl] sync thread hitch warning: timer interval of 221 milliseconds
[ citizen-server-impl] server thread hitch warning: timer interval of 239 milliseconds
[ citizen-server-impl] sync thread hitch warning: timer interval of 159 milliseconds
[ citizen-server-impl] server thread hitch warning: timer interval of 171 milliseconds
[ citizen-server-impl] sync thread hitch warning: timer interval of 103 milliseconds
[ citizen-server-impl] sync thread hitch warning: timer interval of 148 milliseconds
[ citizen-server-impl] server thread hitch warning: timer interval of 171 milliseconds
[ citizen-server-impl] sync thread hitch warning: timer interval of 106 milliseconds
[ citizen-server-impl] sync thread hitch warning: timer interval of 131 milliseconds
[ citizen-server-impl] server thread hitch warning: timer interval of 162 milliseconds
[ citizen-server-impl] sync thread hitch warning: timer interval of 111 milliseconds
[ citizen-server-impl] sync thread hitch warning: timer interval of 115 milliseconds
[ citizen-server-impl] server thread hitch warning: timer interval of 151 milliseconds
[ citizen-server-impl] sync thread hitch warning: timer interval of 106 milliseconds
[ citizen-server-impl] sync thread hitch warning: timer interval of 198 milliseconds
[ citizen-server-impl] network thread hitch warning: timer interval of 201 milliseconds
[ citizen-server-impl] server thread hitch warning: timer interval of 205 milliseconds
[ citizen-server-impl] sync thread hitch warning: timer interval of 122 milliseconds
[ citizen-server-impl] server thread hitch warning: timer interval of 165 milliseconds
[ citizen-server-impl] network thread hitch warning: timer interval of 312 milliseconds
[ citizen-server-impl] server thread hitch warning: timer interval of 317 milliseconds
[ citizen-server-impl] server thread hitch warning: timer interval of 182 milliseconds
[ citizen-server-impl] sync thread hitch warning: timer interval of 138 milliseconds
[ citizen-server-impl] sync thread hitch warning: timer interval of 111 milliseconds
[ citizen-server-impl] sync thread hitch warning: timer interval of 101 milliseconds
[ citizen-server-impl] sync thread hitch warning: timer interval of 111 milliseconds
[ citizen-server-impl] sync thread hitch warning: timer interval of 109 milliseconds
[ citizen-server-impl] sync thread hitch warning: timer interval of 101 milliseconds
[ citizen-server-impl] sync thread hitch warning: timer interval of 124 milliseconds
[ citizen-server-impl] sync thread hitch warning: timer interval of 109 milliseconds
[ citizen-server-impl] server thread hitch warning: timer interval of 160 milliseconds
[ citizen-server-impl] sync thread hitch warning: timer interval of 105 milliseconds
[ citizen-server-impl] sync thread hitch warning: timer interval of 129 milliseconds
[ citizen-server-impl] sync thread hitch warning: timer interval of 155 milliseconds
[ citizen-server-impl] network thread hitch warning: timer interval of 157 milliseconds
[ citizen-server-impl] server thread hitch warning: timer interval of 177 milliseconds
[ citizen-server-impl] sync thread hitch warning: timer interval of 102 milliseconds
║             TXADMIN║ txaEvent "serverShuttingDown" "{\"delay\":5000,\"author\":\"DrFiveO\",\"message\":\"Server restarting (admin request).\"}"
[      script:monitor] [txAdmin] Server shutting down. Kicking all players.

║             TXADMIN║ ================================================================
║             TXADMIN║ ======== [38136] FXServer Starting - 5/14/2025, 4:16:04 AM      
║             TXADMIN║ ================================================================
[           resources] Scanning resources.
[           resources] Found 78 resources.
[          svadhesive] Authenticating server license key...
[          svadhesive] Server license key authentication succeeded. Welcome!
[    c-scripting-core] Creating script environments for monitor
[      script:monitor] [txAdmin] Resource v8.0.1 threads and commands set up. All Ready.
[           resources] Started resource monitor
[ citizen-server-impl] The file esxLogo.png must be a 96x96 PNG image to be used as icon.
[    c-scripting-core] Creating script environments for chat
[           resources] Started resource chat
[    c-scripting-core] Creating script environments for hardcap
[           resources] Started resource hardcap
[    c-scripting-core] Creating script environments for oxmysql
[           resources] Started resource oxmysql
[    c-scripting-core] Creating script environments for ox_lib
[           resources] Started resource ox_lib
[    c-scripting-core] Creating script environments for es_extended
[           resources] Started resource es_extended
[    c-scripting-core] Creating script environments for ox_inventory
[           resources] Started resource ox_inventory
[    c-scripting-core] Creating script environments for cron
[           resources] Started resource cron
[           resources] Started resource esx_chat_theme
[    c-scripting-core] Creating script environments for esx_context
[           resources] Started resource esx_context
[    c-scripting-core] Creating script environments for esx_identity
[           resources] Started resource esx_identity
[           resources] Started resource esx_menu_default
[           resources] Started resource esx_menu_dialog
[           resources] Started resource esx_menu_list
[    c-resources-core] Could not find dependency esx_skin for resource esx_multicharacter.
[ citizen-server-impl] Couldn't start resource esx_multicharacter.
[    c-scripting-core] Creating script environments for esx_notify
[           resources] Started resource esx_notify
[    c-scripting-core] Creating script environments for esx_progressbar
[           resources] Started resource esx_progressbar
[    c-scripting-core] Creating script environments for esx_textui
[           resources] Started resource esx_textui
[           resources] Started resource bob74_ipl
[    c-scripting-core] Creating script environments for pma-voice
[           resources] Started resource pma-voice
[    c-resources-core] Could not find dependency esx_skin for resource esx_accessories.
[ citizen-server-impl] Couldn't start resource esx_accessories.
[    c-scripting-core] Creating script environments for esx_addonaccount
[           resources] Started resource esx_addonaccount
[    c-scripting-core] Creating script environments for esx_addoninventory
[           resources] Started resource esx_addoninventory
[    c-resources-core] Could not find dependency esx_skin for resource esx_ambulancejob.
[ citizen-server-impl] Couldn't start resource esx_ambulancejob.
[           resources] Started resource esx_animations
[    c-scripting-core] Creating script environments for esx_banking
[           resources] Started resource esx_banking
[    c-scripting-core] Creating script environments for esx_status
[           resources] Started resource esx_status
[    c-scripting-core] Creating script environments for esx_basicneeds
[           resources] Started resource esx_basicneeds
[    c-scripting-core] Creating script environments for esx_billing
[           resources] Started resource esx_billing
[    c-scripting-core] Creating script environments for esx_vehicleshop
[           resources] Started resource esx_vehicleshop
[    c-scripting-core] Creating script environments for esx_boat
[           resources] Started resource esx_boat
[           resources] Started resource esx_criusecontrol
[    c-scripting-core] Creating script environments for esx_datastore
[           resources] Started resource esx_datastore
[    c-scripting-core] Creating script environments for esx_license
[           resources] Started resource esx_license
[    c-scripting-core] Creating script environments for esx_dmvschool
[           resources] Started resource esx_dmvschool
[    c-scripting-core] Creating script environments for esx_drugs
[           resources] Started resource esx_drugs
[    c-scripting-core] Creating script environments for esx_garage
[           resources] Started resource esx_garage
[    c-scripting-core] Creating script environments for esx_joblisting
[           resources] Started resource esx_joblisting
[    c-scripting-core] Creating script environments for esx_jobs
[           resources] Started resource esx_jobs
[    c-scripting-core] Creating script environments for esx_lscustom
[           resources] Started resource esx_lscustom
[    c-scripting-core] Creating script environments for esx_society
[           resources] Started resource esx_society
[    c-scripting-core] Creating script environments for esx_mechanicjob
[           resources] Started resource esx_mechanicjob
[    c-scripting-core] Creating script environments for esx_optionalneeds
[           resources] Started resource esx_optionalneeds
[    c-scripting-core] Creating script environments for esx_policejob
[           resources] Started resource esx_policejob
[    c-scripting-core] Creating script environments for esx_property
[           resources] Started resource esx_property
[    c-scripting-core] Creating script environments for esx_rpchat
[           resources] Started resource esx_rpchat
[    c-scripting-core] Creating script environments for esx_service
[           resources] Started resource esx_service
[    c-scripting-core] Creating script environments for esx_shops
[           resources] Started resource esx_shops
[    c-scripting-core] Creating script environments for esx_taxijob
[           resources] Started resource esx_taxijob
[    c-scripting-core] Creating script environments for esx_weaponshop
[           resources] Started resource esx_weaponshop
[    c-scripting-core] Creating script environments for nl-connecting
[           resources] Started resource nl-connecting
[resources:nl-loading] Warning: could not find file `music.mp3` (defined in fxmanifest.lua:8)
[           resources] Started resource nl-loading (1 warning)
[    c-scripting-core] Creating script environments for Unconscious-system
[           resources] Started resource Unconscious-system
[resources:cfx_prompt] Asset cfx_prompt_Bolingbroke_Prison_Interiors/prompt_prison.ytd uses 45.0 MiB of physical memory.
[           resources] Started resource cfx_prompt_Bolingbroke_Prison_Interiors (1 warning)
[    c-scripting-core] Creating script environments for d-jobcreator-main
[script:d-jobcreator-] Warning: could not load 'locales/en.json'
[resources:d-jobcreat] Warning: could not find file `locales/*.json` (defined in fxmanifest.lua:13)
[           resources] Started resource d-jobcreator-main (1 warning)
[    c-scripting-core] Creating script environments for ox_doorlock
[  script:ox_doorlock] SCRIPT ERROR: @ox_doorlock/server/main.lua:2: Unable to load UI. Build ox_doorlock or download the latest release.
[  script:ox_doorlock] 	https://github.com/overextended/ox_doorlock/releases/latest/download/ox_doorlock.zip
[  script:ox_doorlock] > fn (@ox_doorlock/server/main.lua:2)
[resources:ox_doorloc] Warning: could not find file `web/build/index.html` (defined in fxmanifest.lua:32)
[           resources] Started resource ox_doorlock (1 warning)
[           resources] Started resource Female-EUP
[           resources] Started resource Male-EUP
[ citizen-server-main] Warning: The players.json endpoint has been modified to no longer return the player identifiers without authentication.
[ citizen-server-main] To learn more about this change read our announcement at https://aka.cfx.re/players-json-privacy
[script:d-jobcreator-] ⌛ Waiting for data, before loading stashes...
[      script:oxmysql] [11.4.5-MariaDB] Database server connection established!
[ script:ox_inventory] [ox_inventory] [INFO] 29 items have been copied from the database.
[ script:ox_inventory] [ox_inventory] [INFO] You should restart the resource to load the new items.
[ script:ox_inventory] [ox_inventory] [INFO] Database contains 33 items.
[  script:es_extended] [INFO] ESX Legacy 1.12.4 initialized!
[ citizen-server-impl]         fff                          
[ citizen-server-impl]   cccc ff   xx  xx     rr rr    eee  
[ citizen-server-impl] cc     ffff   xx       rrr  r ee   e 
[ citizen-server-impl] cc     ff     xx   ... rr     eeeee  
[ citizen-server-impl]  ccccc ff   xx  xx ... rr      eeeee 
[ citizen-server-impl]                                      
[ citizen-server-impl] Authenticated with cfx.re Nucleus: https://drfiveo-6o6ya6.users.cfx.re/
[ citizen-server-impl] -- [server notice: portal_release]
[ citizen-server-impl] PATREON SUPPORT ENDING SOON: For existing Patreon subscribers, please migrate to our new subscription platform in https://portal.cfx.re by December 1st 2025 to avoid any service interruptions. Read more: https://aka.cfx.re/patreon-to-portal-migration/ 
[script:d-jobcreator-] []
[ script:ox_inventory] [ox_inventory] [INFO] Inventory has loaded 247 items
[ script:esx_property] [INFO] Added Property into datastore_data table
[ citizen-server-impl] sync thread hitch warning: timer interval of 104 milliseconds
[ citizen-server-impl] sync thread hitch warning: timer interval of 110 milliseconds
[ citizen-server-impl] server thread hitch warning: timer interval of 158 milliseconds
[ citizen-server-impl] sync thread hitch warning: timer interval of 145 milliseconds
[ citizen-server-impl] sync thread hitch warning: timer interval of 102 milliseconds
[ citizen-server-impl] server thread hitch warning: timer interval of 162 milliseconds
[ citizen-server-impl] sync thread hitch warning: timer interval of 129 milliseconds
[ citizen-server-impl] sync thread hitch warning: timer interval of 107 milliseconds
[ citizen-server-impl] sync thread hitch warning: timer interval of 140 milliseconds
[ citizen-server-impl] server thread hitch warning: timer interval of 162 milliseconds
[ citizen-server-impl] sync thread hitch warning: timer interval of 160 milliseconds
[ citizen-server-impl] network thread hitch warning: timer interval of 164 milliseconds
[ citizen-server-impl] sync thread hitch warning: timer interval of 106 milliseconds
[ citizen-server-impl] sync thread hitch warning: timer interval of 146 milliseconds
[ citizen-server-impl] server thread hitch warning: timer interval of 151 milliseconds
║             TXADMIN║ txaEvent "serverShuttingDown" "{\"delay\":5000,\"author\":\"DrFiveO\",\"message\":\"Server restarting (admin request).\"}"
[      script:monitor] [txAdmin] Server shutting down. Kicking all players.

║             TXADMIN║ ================================================================
║             TXADMIN║ ======== [20032] FXServer Starting - 5/14/2025, 4:22:50 AM      
║             TXADMIN║ ================================================================
[           resources] Scanning resources.
[           resources] Found 78 resources.
[          svadhesive] Authenticating server license key...
[          svadhesive] Server license key authentication succeeded. Welcome!
[    c-scripting-core] Creating script environments for monitor
[      script:monitor] [txAdmin] Resource v8.0.1 threads and commands set up. All Ready.
[           resources] Started resource monitor
[ citizen-server-impl] The file esxLogo.png must be a 96x96 PNG image to be used as icon.
[    c-scripting-core] Creating script environments for chat
[           resources] Started resource chat
[    c-scripting-core] Creating script environments for hardcap
[           resources] Started resource hardcap
[    c-scripting-core] Creating script environments for oxmysql
[           resources] Started resource oxmysql
[    c-scripting-core] Creating script environments for ox_lib
[           resources] Started resource ox_lib
[    c-scripting-core] Creating script environments for es_extended
[           resources] Started resource es_extended
[    c-scripting-core] Creating script environments for ox_inventory
[           resources] Started resource ox_inventory
[    c-scripting-core] Creating script environments for cron
[           resources] Started resource cron
[           resources] Started resource esx_chat_theme
[    c-scripting-core] Creating script environments for esx_context
[           resources] Started resource esx_context
[    c-scripting-core] Creating script environments for esx_identity
[           resources] Started resource esx_identity
[           resources] Started resource esx_menu_default
[           resources] Started resource esx_menu_dialog
[           resources] Started resource esx_menu_list
[    c-resources-core] Could not find dependency esx_skin for resource esx_multicharacter.
[ citizen-server-impl] Couldn't start resource esx_multicharacter.
[    c-scripting-core] Creating script environments for esx_notify
[           resources] Started resource esx_notify
[    c-scripting-core] Creating script environments for esx_progressbar
[           resources] Started resource esx_progressbar
[    c-scripting-core] Creating script environments for esx_textui
[           resources] Started resource esx_textui
[           resources] Started resource bob74_ipl
[    c-scripting-core] Creating script environments for pma-voice
[           resources] Started resource pma-voice
[    c-resources-core] Could not find dependency esx_skin for resource esx_accessories.
[ citizen-server-impl] Couldn't start resource esx_accessories.
[    c-scripting-core] Creating script environments for esx_addonaccount
[           resources] Started resource esx_addonaccount
[    c-scripting-core] Creating script environments for esx_addoninventory
[           resources] Started resource esx_addoninventory
[    c-resources-core] Could not find dependency esx_skin for resource esx_ambulancejob.
[ citizen-server-impl] Couldn't start resource esx_ambulancejob.
[           resources] Started resource esx_animations
[    c-scripting-core] Creating script environments for esx_banking
[           resources] Started resource esx_banking
[    c-scripting-core] Creating script environments for esx_status
[           resources] Started resource esx_status
[    c-scripting-core] Creating script environments for esx_basicneeds
[           resources] Started resource esx_basicneeds
[    c-scripting-core] Creating script environments for esx_billing
[           resources] Started resource esx_billing
[    c-scripting-core] Creating script environments for esx_vehicleshop
[           resources] Started resource esx_vehicleshop
[    c-scripting-core] Creating script environments for esx_boat
[           resources] Started resource esx_boat
[           resources] Started resource esx_criusecontrol
[    c-scripting-core] Creating script environments for esx_datastore
[           resources] Started resource esx_datastore
[    c-scripting-core] Creating script environments for esx_license
[           resources] Started resource esx_license
[    c-scripting-core] Creating script environments for esx_dmvschool
[           resources] Started resource esx_dmvschool
[    c-scripting-core] Creating script environments for esx_drugs
[           resources] Started resource esx_drugs
[    c-scripting-core] Creating script environments for esx_garage
[           resources] Started resource esx_garage
[    c-scripting-core] Creating script environments for esx_joblisting
[           resources] Started resource esx_joblisting
[    c-scripting-core] Creating script environments for esx_jobs
[           resources] Started resource esx_jobs
[    c-scripting-core] Creating script environments for esx_lscustom
[           resources] Started resource esx_lscustom
[    c-scripting-core] Creating script environments for esx_society
[           resources] Started resource esx_society
[    c-scripting-core] Creating script environments for esx_mechanicjob
[           resources] Started resource esx_mechanicjob
[    c-scripting-core] Creating script environments for esx_optionalneeds
[           resources] Started resource esx_optionalneeds
[    c-scripting-core] Creating script environments for esx_policejob
[           resources] Started resource esx_policejob
[    c-scripting-core] Creating script environments for esx_property
[           resources] Started resource esx_property
[    c-scripting-core] Creating script environments for esx_rpchat
[           resources] Started resource esx_rpchat
[    c-scripting-core] Creating script environments for esx_service
[           resources] Started resource esx_service
[    c-scripting-core] Creating script environments for esx_shops
[           resources] Started resource esx_shops
[    c-scripting-core] Creating script environments for esx_taxijob
[           resources] Started resource esx_taxijob
[    c-scripting-core] Creating script environments for esx_weaponshop
[           resources] Started resource esx_weaponshop
[    c-scripting-core] Creating script environments for nl-connecting
[           resources] Started resource nl-connecting
[resources:nl-loading] Warning: could not find file `music.mp3` (defined in fxmanifest.lua:8)
[           resources] Started resource nl-loading (1 warning)
[    c-scripting-core] Creating script environments for Unconscious-system
[           resources] Started resource Unconscious-system
[resources:cfx_prompt] Asset cfx_prompt_Bolingbroke_Prison_Interiors/prompt_prison.ytd uses 45.0 MiB of physical memory.
[           resources] Started resource cfx_prompt_Bolingbroke_Prison_Interiors (1 warning)
[    c-scripting-core] Creating script environments for d-jobcreator-main
[script:d-jobcreator-] Warning: could not load 'locales/en.json'
[resources:d-jobcreat] Warning: could not find file `locales/*.json` (defined in fxmanifest.lua:13)
[           resources] Started resource d-jobcreator-main (1 warning)
[    c-scripting-core] Creating script environments for ox_doorlock
[  script:ox_doorlock] SCRIPT ERROR: @ox_doorlock/server/main.lua:2: Unable to load UI. Build ox_doorlock or download the latest release.
[  script:ox_doorlock] 	https://github.com/overextended/ox_doorlock/releases/latest/download/ox_doorlock.zip
[  script:ox_doorlock] > fn (@ox_doorlock/server/main.lua:2)
[           resources] Started resource ox_doorlock
[           resources] Started resource Female-EUP
[           resources] Started resource Male-EUP
[ citizen-server-main] Warning: The players.json endpoint has been modified to no longer return the player identifiers without authentication.
[ citizen-server-main] To learn more about this change read our announcement at https://aka.cfx.re/players-json-privacy
[script:d-jobcreator-] ⌛ Waiting for data, before loading stashes...
[      script:oxmysql] [11.4.5-MariaDB] Database server connection established!
[ script:ox_inventory] [ox_inventory] [INFO] Database contains 33 items.
[  script:es_extended] [INFO] ESX Legacy 1.12.4 initialized!
[ citizen-server-impl]         fff                          
[ citizen-server-impl]   cccc ff   xx  xx     rr rr    eee  
[ citizen-server-impl] cc     ffff   xx       rrr  r ee   e 
[ citizen-server-impl] cc     ff     xx   ... rr     eeeee  
[ citizen-server-impl]  ccccc ff   xx  xx ... rr      eeeee 
[ citizen-server-impl]                                      
[ citizen-server-impl] Authenticated with cfx.re Nucleus: https://drfiveo-6o6ya6.users.cfx.re/
[ citizen-server-impl] -- [server notice: portal_release]
[ citizen-server-impl] PATREON SUPPORT ENDING SOON: For existing Patreon subscribers, please migrate to our new subscription platform in https://portal.cfx.re by December 1st 2025 to avoid any service interruptions. Read more: https://aka.cfx.re/patreon-to-portal-migration/ 
[script:d-jobcreator-] []
[ script:ox_inventory] [ox_inventory] [INFO] Inventory has loaded 247 items
[ script:esx_property] [INFO] Added Property into datastore_data table
[      script:hardcap] Connecting: Rex
[script:nl-connecting] ✅ Player joined successfully:	Rex
[  script:es_extended] event esx:onPlayerJoined was not safe for net
[ citizen-server-impl] sync thread hitch warning: timer interval of 115 milliseconds
[ citizen-server-impl] sync thread hitch warning: timer interval of 108 milliseconds
[ citizen-server-impl] sync thread hitch warning: timer interval of 103 milliseconds
[ citizen-server-impl] sync thread hitch warning: timer interval of 109 milliseconds
[ citizen-server-impl] sync thread hitch warning: timer interval of 122 milliseconds
[ citizen-server-impl] sync thread hitch warning: timer interval of 116 milliseconds
║             TXADMIN║ txaEvent "serverShuttingDown" "{\"delay\":5000,\"author\":\"DrFiveO\",\"message\":\"Server restarting (admin request).\"}"
[      script:monitor] [txAdmin] Server shutting down. Kicking all players.

║             TXADMIN║ ================================================================
║             TXADMIN║ ======== [29644] FXServer Starting - 5/14/2025, 4:46:19 AM      
║             TXADMIN║ ================================================================
[           resources] Scanning resources.
[           resources] Found 79 resources.
[          svadhesive] Authenticating server license key...
[          svadhesive] Server license key authentication succeeded. Welcome!
[    c-scripting-core] Creating script environments for monitor
[      script:monitor] [txAdmin] Resource v8.0.1 threads and commands set up. All Ready.
[           resources] Started resource monitor
[ citizen-server-impl] The file esxLogo.png must be a 96x96 PNG image to be used as icon.
[    c-scripting-core] Creating script environments for chat
[           resources] Started resource chat
[           resources] Started resource spawnmanager
[    c-scripting-core] Creating script environments for hardcap
[           resources] Started resource hardcap
[    c-scripting-core] Creating script environments for oxmysql
[           resources] Started resource oxmysql
[           resources] Started resource bob74_ipl
[    c-scripting-core] Creating script environments for ox_lib
[           resources] Started resource ox_lib
[    c-scripting-core] Creating script environments for cron
[           resources] Started resource cron
[    c-scripting-core] Creating script environments for es_extended
[           resources] Started resource es_extended
[           resources] Started resource esx_chat_theme
[    c-scripting-core] Creating script environments for esx_context
[           resources] Started resource esx_context
[    c-scripting-core] Creating script environments for esx_identity
[           resources] Started resource esx_identity
[           resources] Started resource esx_menu_default
[           resources] Started resource esx_menu_dialog
[           resources] Started resource esx_menu_list
[    c-scripting-core] Creating script environments for illenium-appearance
[           resources] Started resource illenium-appearance
[    c-scripting-core] Creating script environments for esx_multicharacter
[           resources] Started resource esx_multicharacter
[    c-scripting-core] Creating script environments for esx_notify
[           resources] Started resource esx_notify
[    c-scripting-core] Creating script environments for esx_progressbar
[           resources] Started resource esx_progressbar
[    c-scripting-core] Creating script environments for esx_textui
[           resources] Started resource esx_textui
[    c-scripting-core] Creating script environments for ox_doorlock
[  script:ox_doorlock] SCRIPT ERROR: @ox_doorlock/server/main.lua:2: Unable to load UI. Build ox_doorlock or download the latest release.
[  script:ox_doorlock] 	https://github.com/overextended/ox_doorlock/releases/latest/download/ox_doorlock.zip
[  script:ox_doorlock] > fn (@ox_doorlock/server/main.lua:2)
[           resources] Started resource ox_doorlock
[    c-scripting-core] Creating script environments for ox_inventory
[           resources] Started resource ox_inventory
[    c-scripting-core] Creating script environments for pma-voice
[           resources] Started resource pma-voice
[    c-scripting-core] Creating script environments for esx_datastore
[           resources] Started resource esx_datastore
[    c-scripting-core] Creating script environments for esx_accessories
[           resources] Started resource esx_accessories
[    c-scripting-core] Creating script environments for esx_addonaccount
[           resources] Started resource esx_addonaccount
[    c-scripting-core] Creating script environments for esx_addoninventory
[           resources] Started resource esx_addoninventory
[    c-scripting-core] Creating script environments for esx_vehicleshop
[           resources] Started resource esx_vehicleshop
[    c-scripting-core] Creating script environments for esx_ambulancejob
[           resources] Started resource esx_ambulancejob
[           resources] Started resource esx_animations
[    c-scripting-core] Creating script environments for esx_banking
[           resources] Started resource esx_banking
[    c-scripting-core] Creating script environments for esx_status
[           resources] Started resource esx_status
[    c-scripting-core] Creating script environments for esx_basicneeds
[           resources] Started resource esx_basicneeds
[    c-scripting-core] Creating script environments for esx_billing
[           resources] Started resource esx_billing
[    c-scripting-core] Creating script environments for esx_boat
[           resources] Started resource esx_boat
[           resources] Started resource esx_criusecontrol
[    c-scripting-core] Creating script environments for esx_license
[           resources] Started resource esx_license
[    c-scripting-core] Creating script environments for esx_dmvschool
[           resources] Started resource esx_dmvschool
[    c-scripting-core] Creating script environments for esx_drugs
[           resources] Started resource esx_drugs
[    c-scripting-core] Creating script environments for esx_garage
[           resources] Started resource esx_garage
[    c-scripting-core] Creating script environments for esx_joblisting
[           resources] Started resource esx_joblisting
[    c-scripting-core] Creating script environments for esx_jobs
[           resources] Started resource esx_jobs
[    c-scripting-core] Creating script environments for esx_lscustom
[           resources] Started resource esx_lscustom
[    c-scripting-core] Creating script environments for esx_society
[           resources] Started resource esx_society
[    c-scripting-core] Creating script environments for esx_mechanicjob
[           resources] Started resource esx_mechanicjob
[    c-scripting-core] Creating script environments for esx_optionalneeds
[           resources] Started resource esx_optionalneeds
[    c-scripting-core] Creating script environments for esx_policejob
[           resources] Started resource esx_policejob
[    c-scripting-core] Creating script environments for esx_property
[           resources] Started resource esx_property
[    c-scripting-core] Creating script environments for esx_rpchat
[           resources] Started resource esx_rpchat
[    c-scripting-core] Creating script environments for esx_service
[           resources] Started resource esx_service
[    c-scripting-core] Creating script environments for esx_shops
[           resources] Started resource esx_shops
[    c-scripting-core] Creating script environments for esx_taxijob
[           resources] Started resource esx_taxijob
[    c-scripting-core] Creating script environments for esx_weaponshop
[           resources] Started resource esx_weaponshop
[    c-scripting-core] Creating script environments for nl-connecting
[           resources] Started resource nl-connecting
[resources:nl-loading] Warning: could not find file `music.mp3` (defined in fxmanifest.lua:8)
[           resources] Started resource nl-loading (1 warning)
[    c-scripting-core] Creating script environments for Unconscious-system
[           resources] Started resource Unconscious-system
[resources:cfx_prompt] Asset cfx_prompt_Bolingbroke_Prison_Interiors/prompt_prison.ytd uses 45.0 MiB of physical memory.
[           resources] Started resource cfx_prompt_Bolingbroke_Prison_Interiors (1 warning)
[    c-scripting-core] Creating script environments for d-jobcreator-main
[script:d-jobcreator-] Warning: could not load 'locales/en.json'
[resources:d-jobcreat] Warning: could not find file `locales/*.json` (defined in fxmanifest.lua:13)
[           resources] Started resource d-jobcreator-main (1 warning)
[           resources] Started resource Female-EUP
[           resources] Started resource Male-EUP
[ citizen-server-main] Warning: The players.json endpoint has been modified to no longer return the player identifiers without authentication.
[ citizen-server-main] To learn more about this change read our announcement at https://aka.cfx.re/players-json-privacy
[script:d-jobcreator-] ⌛ Waiting for data, before loading stashes...
[      script:oxmysql] [11.4.5-MariaDB] Database server connection established!
[ script:ox_inventory] [ox_inventory] [INFO] Database contains 33 items.
[  script:es_extended] [INFO] ESX Legacy 1.12.4 initialized!
[ citizen-server-impl]         fff                          
[ citizen-server-impl]   cccc ff   xx  xx     rr rr    eee  
[ citizen-server-impl] cc     ffff   xx       rrr  r ee   e 
[ citizen-server-impl] cc     ff     xx   ... rr     eeeee  
[ citizen-server-impl]  ccccc ff   xx  xx ... rr      eeeee 
[ citizen-server-impl]                                      
[ citizen-server-impl] Authenticated with cfx.re Nucleus: https://drfiveo-6o6ya6.users.cfx.re/
[ citizen-server-impl] -- [server notice: portal_release]
[ citizen-server-impl] PATREON SUPPORT ENDING SOON: For existing Patreon subscribers, please migrate to our new subscription platform in https://portal.cfx.re by December 1st 2025 to avoid any service interruptions. Read more: https://aka.cfx.re/patreon-to-portal-migration/ 
[script:d-jobcreator-] []
[ script:ox_inventory] [ox_inventory] [INFO] Inventory has loaded 247 items
[ script:esx_property] [INFO] Added Property into datastore_data table
║             TXADMIN║ txaReportResources 
[      script:monitor] [txAdmin] Sending resources list to txAdmin.
║             DrFiveO║ refresh 
║             TXADMIN║ txaReportResources 
[           resources] Scanning resources.
[           resources] Found 0 new resources, and refreshed 0/79 resources.
[      script:monitor] [txAdmin] Sending resources list to txAdmin.
[      script:hardcap] Connecting: Rex
[script:nl-connecting] ✅ Player joined successfully:	Rex
[  script:es_extended] [INFO] Player "Rex Davis" has connected to the server. ID: 1
[script:d-jobcreator-] []
║             TXADMIN║ txaReportResources 
[      script:monitor] [txAdmin] Sending resources list to txAdmin.
║             DrFiveO║ refresh 
║             TXADMIN║ txaReportResources 
[           resources] Scanning resources.
[resources:clothproje] Warning: clothproject_lvelup_prisonoutfit does not have a resource manifest (fxmanifest.lua)
[           resources] Found 1 new resources, and refreshed 0/79 resources.
[           resources] 1 warning was encountered.
[      script:monitor] [txAdmin] Sending resources list to txAdmin.
║             DrFiveO║ refresh 
║             TXADMIN║ txaReportResources 
[           resources] Scanning resources.
[resources:clothproje] Warning: clothproject_lvelup_prisonoutfit does not have a resource manifest (fxmanifest.lua)
[           resources] Found 1 new resources, and refreshed 0/79 resources.
[           resources] 1 warning was encountered.
[      script:monitor] [txAdmin] Sending resources list to txAdmin.
║             DrFiveO║ refresh 
║             TXADMIN║ txaReportResources 
[           resources] Scanning resources.
[resources:clothproje] Warning: clothproject_lvelup_prisonoutfit does not have a resource manifest (fxmanifest.lua)
[           resources] Found 1 new resources, and refreshed 0/79 resources.
[           resources] 1 warning was encountered.
[      script:monitor] [txAdmin] Sending resources list to txAdmin.
║             DrFiveO║ refresh 
[           resources] Scanning resources.
║             TXADMIN║ txaReportResources 
[resources:clothproje] Warning: clothproject_lvelup_prisonoutfit does not have a resource manifest (fxmanifest.lua)
[           resources] Found 1 new resources, and refreshed 0/79 resources.
[           resources] 1 warning was encountered.
[      script:monitor] [txAdmin] Sending resources list to txAdmin.
║             DrFiveO║ refresh 
[           resources] Scanning resources.
║             TXADMIN║ txaReportResources 
[resources:clothproje] Warning: clothproject_lvelup_prisonoutfit does not have a resource manifest (fxmanifest.lua)
[           resources] Found 1 new resources, and refreshed 0/79 resources.
[           resources] 1 warning was encountered.
[      script:monitor] [txAdmin] Sending resources list to txAdmin.
║             DrFiveO║ refresh 
║             TXADMIN║ txaReportResources 
[           resources] Scanning resources.
[           resources] Found 1 new resources, and refreshed 0/79 resources.
[      script:monitor] [txAdmin] Sending resources list to txAdmin.
║             DrFiveO║ ensure "lvelup_prisonoutfit"
║             TXADMIN║ txaReportResources 
[           resources] Started resource lvelup_prisonoutfit
[      script:monitor] [txAdmin] Sending resources list to txAdmin.
[  script:es_extended] [INFO] Saved 1 player over 0.0 ms
[ citizen-server-impl] sync thread hitch warning: timer interval of 104 milliseconds
[ citizen-server-impl] sync thread hitch warning: timer interval of 101 milliseconds
║             DrFiveO║ refresh 
║             TXADMIN║ txaReportResources 
[           resources] Scanning resources.
[           resources] Found 7 new resources, and refreshed 0/80 resources.
[      script:monitor] [txAdmin] Sending resources list to txAdmin.
║             DrFiveO║ ensure "ja_doc_eup"
║             TXADMIN║ txaReportResources 
[resources:ja_doc_eup] Asset ja_doc_eup/mp_f_freemode_01_mp_f_corrections^jbib_diff_003_a_uni.ytd uses 64.0 MiB of physical memory. Oversized assets can and WILL lead to streaming issues (such as models not loading/rendering).
[resources:ja_doc_eup] Asset ja_doc_eup/mp_f_freemode_01_mp_f_corrections^jbib_diff_003_b_uni.ytd uses 64.0 MiB of physical memory. Oversized assets can and WILL lead to streaming issues (such as models not loading/rendering).
[resources:ja_doc_eup] Asset ja_doc_eup/mp_f_freemode_01_mp_f_corrections^jbib_diff_003_c_uni.ytd uses 64.0 MiB of physical memory. Oversized assets can and WILL lead to streaming issues (such as models not loading/rendering).
[resources:ja_doc_eup] Asset ja_doc_eup/mp_f_freemode_01_mp_f_corrections^jbib_diff_003_d_uni.ytd uses 64.0 MiB of physical memory. Oversized assets can and WILL lead to streaming issues (such as models not loading/rendering).
[resources:ja_doc_eup] Asset ja_doc_eup/mp_f_freemode_01_mp_f_corrections^jbib_diff_003_e_uni.ytd uses 64.0 MiB of physical memory. Oversized assets can and WILL lead to streaming issues (such as models not loading/rendering).
[resources:ja_doc_eup] Asset ja_doc_eup/mp_f_freemode_01_mp_f_corrections^task_diff_000_c_uni.ytd uses 64.0 MiB of physical memory. Oversized assets can and WILL lead to streaming issues (such as models not loading/rendering).
[resources:ja_doc_eup] Asset ja_doc_eup/mp_f_freemode_01_p_mp_f_corrections^p_head_diff_000_a.ytd uses 32.0 MiB of physical memory.
[resources:ja_doc_eup] Asset ja_doc_eup/mp_m_freemode_01^lowr_diff_004_a_whi.ytd uses 64.0 MiB of physical memory. Oversized assets can and WILL lead to streaming issues (such as models not loading/rendering).
[resources:ja_doc_eup] Asset ja_doc_eup/mp_m_freemode_01_mp_m_corrections^jbib_diff_003_a_uni.ytd uses 64.0 MiB of physical memory. Oversized assets can and WILL lead to streaming issues (such as models not loading/rendering).
[resources:ja_doc_eup] Asset ja_doc_eup/mp_m_freemode_01_mp_m_corrections^jbib_diff_003_b_uni.ytd uses 64.0 MiB of physical memory. Oversized assets can and WILL lead to streaming issues (such as models not loading/rendering).
[resources:ja_doc_eup] Asset ja_doc_eup/mp_m_freemode_01_mp_m_corrections^jbib_diff_003_c_uni.ytd uses 64.0 MiB of physical memory. Oversized assets can and WILL lead to streaming issues (such as models not loading/rendering).
[resources:ja_doc_eup] Asset ja_doc_eup/mp_m_freemode_01_mp_m_corrections^jbib_diff_003_d_uni.ytd uses 64.0 MiB of physical memory. Oversized assets can and WILL lead to streaming issues (such as models not loading/rendering).
[resources:ja_doc_eup] Asset ja_doc_eup/mp_m_freemode_01_mp_m_corrections^jbib_diff_003_e_uni.ytd uses 64.0 MiB of physical memory. Oversized assets can and WILL lead to streaming issues (such as models not loading/rendering).
[resources:ja_doc_eup] Asset ja_doc_eup/mp_m_freemode_01_mp_m_corrections^task_000_u.ydd uses 32.0 MiB of physical memory.
[resources:ja_doc_eup] Asset ja_doc_eup/mp_m_freemode_01_mp_m_corrections^task_diff_000_a_uni.ytd uses 64.0 MiB of physical memory. Oversized assets can and WILL lead to streaming issues (such as models not loading/rendering).
[resources:ja_doc_eup] Asset ja_doc_eup/mp_m_freemode_01_mp_m_corrections^task_diff_000_b_uni.ytd uses 64.0 MiB of physical memory. Oversized assets can and WILL lead to streaming issues (such as models not loading/rendering).
[resources:ja_doc_eup] Asset ja_doc_eup/mp_m_freemode_01_mp_m_corrections^task_diff_000_c_uni.ytd uses 64.0 MiB of physical memory. Oversized assets can and WILL lead to streaming issues (such as models not loading/rendering).
[resources:ja_doc_eup] Asset ja_doc_eup/mp_m_freemode_01_p_mp_m_corrections^p_head_diff_000_a.ytd uses 32.0 MiB of physical memory.
[           resources] Started resource ja_doc_eup (18 warnings)
[ citizen-server-impl] server thread hitch warning: timer interval of 1212 milliseconds
[      script:monitor] [txAdmin] Sending resources list to txAdmin.
║             TXADMIN║ txaReportResources 
[      script:monitor] [txAdmin] Sending resources list to txAdmin.
║             DrFiveO║ refresh 
║             TXADMIN║ txaReportResources 
[           resources] Scanning resources.
[           resources] Found 0 new resources, and refreshed 0/87 resources.
[      script:monitor] [txAdmin] Sending resources list to txAdmin.
[  script:es_extended] [INFO] Saved 1 player over 0.0 ms
[ citizen-server-impl] sync thread hitch warning: timer interval of 124 milliseconds
[ citizen-server-impl] sync thread hitch warning: timer interval of 105 milliseconds
[ citizen-server-impl] sync thread hitch warning: timer interval of 105 milliseconds
