
================================================================
======== txAdmin Starting - 5/14/2025, 2:38:27 AM               
================================================================
[2:46:26 AM] txAdmin: Logger started
================================================================
======== txAdmin v8.0.1 atop fxserver 15015 Starting - 5/14/2025, 2:50:48 AM
================================================================
[2:50:52 AM] txAdmin: Logger started
[3:00:11 AM] txAdmin: Logger started
[3:03:18 AM] [EfF66#1] Rex: joined with identifiers [license:643c…8a75, xbl:2535…2758, live:8444…2583, discord:3993…8530, fivem:2048235, license2:a55a…1949]
[3:04:02 AM] [EfF66#1] Rex: enabled noclip
[3:04:22 AM] [EfF66#1] Rex: became mortal (standard mode)
[3:05:09 AM] [EfF66#1] Rex: healed themself
[3:05:11 AM] [EfF66#1] Rex: said "/e gsign207"
[3:05:14 AM] [EfF66#1] Rex: said "/carry"
[3:05:16 AM] [EfF66#1] Rex: said "/e gsign207"
[3:05:17 AM] [EfF66#1] Rex: said "/e gsign207"
[3:05:17 AM] [EfF66#1] Rex: said "/e gsign207"
[3:05:18 AM] [EfF66#1] Rex: said "/e gsign207"
[3:05:18 AM] [EfF66#1] Rex: said "/e gsign207"
[3:05:18 AM] [EfF66#1] Rex: said "/e gsign207"
[3:05:19 AM] [EfF66#1] Rex: said "/carry"
[3:05:20 AM] [EfF66#1] Rex: said "/carry"
[3:05:20 AM] [EfF66#1] Rex: said "/carry"
[3:05:20 AM] [EfF66#1] Rex: said "/carry"
[3:05:20 AM] [EfF66#1] Rex: said "/carry"
[3:05:21 AM] [EfF66#1] Rex: said "/carry"
[3:05:21 AM] [EfF66#1] Rex: said "/e valet3"
[3:05:22 AM] [EfF66#1] Rex: said "/e valet3"
[3:05:23 AM] [EfF66#1] Rex: said "/e valet3"
[3:05:24 AM] [EfF66#1] Rex: said "/carry"
[3:05:27 AM] [EfF66#1] Rex: said "/e gsign207"
[3:05:28 AM] [EfF66#1] Rex: healed themself
[3:09:17 AM] [EfF66#1] Rex: disconnected (Exiting)
[4:16:10 AM] txAdmin: Logger started
[4:22:53 AM] txAdmin: Logger started
[4:25:25 AM] [CiYHQ#1] Rex: joined with identifiers [license:643c…8a75, xbl:2535…2758, live:8444…2583, discord:3993…8530, fivem:2048235, license2:a55a…1949]
[4:25:51 AM] [CiYHQ#1] Rex: disconnected (Exiting)
[4:46:22 AM] txAdmin: Logger started
[4:48:48 AM] [9Wtcm#1] Rex: joined with identifiers [license:643c…8a75, xbl:2535…2758, live:8444…2583, discord:3993…8530, fivem:2048235, license2:a55a…1949]
[4:50:51 AM] [9Wtcm#1] Rex: enabled noclip
[4:51:10 AM] [9Wtcm#1] Rex: became mortal (standard mode)
[4:52:49 AM] [9Wtcm#1] Rex: said "/mdt"
[4:53:06 AM] [9Wtcm#1] Rex: enabled super jump
[4:58:48 AM] [9Wtcm#1] Rex: became mortal (standard mode)
[4:58:53 AM] [9Wtcm#1] Rex: enabled noclip
[4:59:48 AM] [9Wtcm#1] Rex: became mortal (standard mode)
[5:10:00 AM] [9Wtcm#1] Rex: enabled noclip
[5:10:58 AM] [9Wtcm#1] Rex: became mortal (standard mode)
[5:11:00 AM] [9Wtcm#1] Rex: enabled noclip
[5:11:02 AM] [9Wtcm#1] Rex: became mortal (standard mode)
[5:11:04 AM] [9Wtcm#1] Rex: enabled noclip
[5:11:05 AM] [9Wtcm#1] Rex: became mortal (standard mode)
[5:11:32 AM] [9Wtcm#1] Rex: enabled noclip
[5:11:33 AM] [9Wtcm#1] Rex: became mortal (standard mode)
[5:11:51 AM] [9Wtcm#1] Rex: enabled noclip
[5:11:51 AM] [9Wtcm#1] Rex: became mortal (standard mode)
[5:13:18 AM] [9Wtcm#1] Rex: enabled noclip
[5:13:23 AM] [9Wtcm#1] Rex: became mortal (standard mode)
[5:13:30 AM] [9Wtcm#1] Rex: enabled noclip
[5:13:31 AM] [9Wtcm#1] Rex: became mortal (standard mode)
[5:17:33 AM] [9Wtcm#1] Rex: disconnected (Exiting)
[5:22:46 AM] [9Wtcm#2] Rex: joined with identifiers [license:643c…8a75, xbl:2535…2758, live:8444…2583, discord:3993…8530, fivem:2048235, license2:a55a…1949]
[5:23:56 AM] [9Wtcm#2] Rex: enabled noclip
[5:24:19 AM] [9Wtcm#2] Rex: became mortal (standard mode)
[5:24:24 AM] [9Wtcm#2] Rex: died from suicide (Falling)
[5:24:30 AM] [9Wtcm#2] Rex: healed themself
[5:24:51 AM] txAdmin: Logger started
[5:26:06 AM] [t6EBq#1] Rex: joined with identifiers [license:643c…8a75, xbl:2535…2758, live:8444…2583, discord:3993…8530, fivem:2048235, license2:a55a…1949]
[5:33:49 AM] [t6EBq#1] Rex: died from suicide (Fist)
[5:33:56 AM] [t6EBq#1] Rex: healed themself
[5:37:26 AM] [t6EBq#1] Rex: died from suicide (Fist)
[5:37:27 AM] [t6EBq#1] Rex: healed themself
[5:38:44 AM] [t6EBq#1] Rex: healed themself
[5:39:06 AM] [t6EBq#1] Rex: said "/radio"
[5:41:46 AM] [t6EBq#1] Rex: triggered drunk effect on [#1] Rex
[5:44:25 AM] [t6EBq#1] Rex: said "/shirt"
[5:44:59 AM] [t6EBq#1] Rex: healed themself
[5:44:59 AM] [t6EBq#1] Rex: said "/e gsign207"
[5:45:47 AM] [t6EBq#1] Rex: healed themself
[5:45:48 AM] [t6EBq#1] Rex: said "/e gsign207"
[5:50:56 AM] txAdmin: Logger started
[5:54:14 AM] [xh6ky#1] Rex: joined with identifiers [license:643c…8a75, xbl:2535…2758, live:8444…2583, discord:3993…8530, fivem:2048235, license2:a55a…1949]
[5:57:32 AM] [xh6ky#1] Rex: disconnected (Exiting)
[6:12:02 AM] txAdmin: Logger started
[6:22:37 AM] txAdmin: Logger started
[6:54:22 AM] [JGade#1] Rex: joined with identifiers [license:643c…8a75, xbl:2535…2758, live:8444…2583, discord:3993…8530, fivem:2048235, license2:a55a…1949]
[6:55:07 AM] [JGade#1] Rex: cleared an area with 300m radius
[6:55:14 AM] [JGade#1] Rex: cleared an area with 300m radius
[6:55:26 AM] [JGade#1] Rex: cleared an area with 300m radius
[6:57:32 AM] [JGade#1] Rex: died from suicide (Fist)
[6:57:32 AM] [JGade#1] Rex: healed themself
[6:57:54 AM] [JGade#1] Rex: disconnected (Exiting)
[6:58:23 AM] [JGade#2] Rex: joined with identifiers [license:643c…8a75, xbl:2535…2758, live:8444…2583, discord:3993…8530, fivem:2048235, license2:a55a…1949]
[7:03:23 AM] [JGade#2] Rex: disconnected (Exiting)
[7:13:49 AM] txAdmin: Logger started
[7:23:21 AM] txAdmin: Logger started
[7:26:55 AM] [yCRFQ#1] Rex: joined with identifiers [license:643c…8a75, xbl:2535…2758, live:8444…2583, discord:3993…8530, fivem:2048235, license2:a55a…1949]
[7:27:28 AM] [yCRFQ#1] Rex: enabled noclip
[7:27:28 AM] [yCRFQ#1] Rex: became mortal (standard mode)
[7:27:30 AM] [yCRFQ#1] Rex: enabled noclip
[7:27:30 AM] [yCRFQ#1] Rex: became mortal (standard mode)
[7:27:30 AM] [yCRFQ#1] Rex: enabled noclip
[7:27:30 AM] [yCRFQ#1] Rex: became mortal (standard mode)
[7:27:30 AM] [yCRFQ#1] Rex: enabled noclip
[7:27:31 AM] [yCRFQ#1] Rex: became mortal (standard mode)
[7:27:31 AM] [yCRFQ#1] Rex: enabled noclip
[7:27:31 AM] [yCRFQ#1] Rex: became mortal (standard mode)
[7:27:31 AM] [yCRFQ#1] Rex: enabled noclip
[7:27:31 AM] [yCRFQ#1] Rex: became mortal (standard mode)
[7:27:31 AM] [yCRFQ#1] Rex: enabled noclip
[7:27:31 AM] [yCRFQ#1] Rex: became mortal (standard mode)
[7:27:32 AM] [yCRFQ#1] Rex: enabled noclip
[7:27:32 AM] [yCRFQ#1] Rex: became mortal (standard mode)
[7:27:32 AM] [yCRFQ#1] Rex: enabled noclip
[7:27:32 AM] [yCRFQ#1] Rex: became mortal (standard mode)
[7:31:22 AM] [yCRFQ#1] Rex: said "/mdt"
[7:37:56 AM] [yCRFQ#1] Rex: said "/carry"
[7:38:00 AM] [yCRFQ#1] Rex: said "/carry"
[7:38:01 AM] [yCRFQ#1] Rex: said "/carry"
[7:38:01 AM] [yCRFQ#1] Rex: said "/carry"
[7:38:01 AM] [yCRFQ#1] Rex: said "/carry"
[7:38:13 AM] [yCRFQ#1] Rex: disconnected (Exiting)
[7:39:06 AM] [yCRFQ#2] Rex: joined with identifiers [license:643c…8a75, xbl:2535…2758, live:8444…2583, discord:3993…8530, fivem:2048235, license2:a55a…1949]
[7:50:43 AM] [yCRFQ#2] Rex: enabled noclip
[7:51:02 AM] [yCRFQ#2] Rex: became mortal (standard mode)
[7:51:05 AM] [yCRFQ#2] Rex: enabled noclip
[7:51:05 AM] [yCRFQ#2] Rex: became mortal (standard mode)
[7:51:06 AM] [yCRFQ#2] Rex: enabled noclip
[7:51:21 AM] [yCRFQ#2] Rex: became mortal (standard mode)
[7:51:52 AM] [yCRFQ#2] Rex: disconnected (Exiting)
[8:09:05 AM] txAdmin: Logger started
[8:10:55 AM] txAdmin: Logger started
[2:42:01 PM] [CJdG3#1] Rex: joined with identifiers [license:643c…8a75, xbl:2535…2758, live:8444…2583, discord:3993…8530, fivem:2048235, license2:a55a…1949]
[2:48:52 PM] [CJdG3#1] Rex: said "job"
[2:49:04 PM] [CJdG3#1] Rex: said "/mdt"
[2:49:06 PM] [CJdG3#1] Rex: said "/cad"
[2:50:35 PM] [CJdG3#1] Rex: disconnected (Exiting)
[3:34:15 PM] txAdmin: Logger started
[3:39:38 PM] txAdmin: Logger started
[3:51:17 PM] txAdmin: Logger started
[3:54:58 PM] txAdmin: Logger started
[3:56:03 PM] txAdmin: Logger started
[3:57:22 PM] txAdmin: Logger started
